<?xml version="1.0" encoding="UTF-8"?>
<!-- Generated by org.testng.reporters.JUnitReportReporter -->
<testsuite hostname="Sonams-MacBook-Air-2.local" name="com.etouch.amazon.pages.test.TestAmazonMainPage" tests="2" failures="0" timestamp="9 Mar 2015 23:40:30 GMT" time="20.536" errors="0">
  <testcase name="testPreSignIn" time="20.487" classname="com.etouch.amazon.pages.test.TestAmazonMainPage"/>
  <testcase name="testSignIn" time="0.049" classname="com.etouch.amazon.pages.test.TestAmazonMainPage"/>
</testsuite> <!-- com.etouch.amazon.pages.test.TestAmazonMainPage -->
